2026-06-14T18:14:48.427440	Panadol Extra for Effective Relief of Pain & Fever 🇪🇬
2026-06-14T18:43:49.268917	side_effects Bronchicum S Elixir Dietary Supplement
2026-06-14T19:16:41.679470	الآثار الجانبية Telfast 180mg Fexofenadine HCl Antihistamine
2026-06-14T21:48:02.953706	2. concor
2026-06-14T21:48:03.421210	3. Plavix
2026-06-14T22:16:54.678199	sd
2026-06-15T17:18:42.896035	palvix
2026-06-15T17:20:07.459542	سعر oandol
2026-06-15T20:51:21.105596	eR = eo, agupelateetlattn ng oie Re a ea ee tr a
2026-06-15T20:51:24.032870	ONC ye ERO PE as os RE Pe i
2026-06-15T20:51:29.072354	R/ Vastarel MR dsl 12 SS (38
2026-06-15T20:51:40.665558	P08 onus glut godt poo aur - jgoyhcSob plol gube coq ju8
2026-06-15T20:51:41.884133	22619331 0112728291 - 01006529298
2026-06-15T21:03:54.373059	بنادوا بببرب
2026-06-15T21:04:03.999323	بنا\ول اتات
2026-06-15T21:05:44.328839	panad extrr
2026-06-16T06:37:45.747710	MANSOUR FAROUK Lfubsigansl wags Jgrte
2026-06-16T06:37:46.825504	CONSULTANT CARDIOLOGIST MEagooN gh clit yoo io
2026-06-16T06:37:47.795317	INTERVENTIONS & PACEMAKERS Ce ed ybeecl aon joy
2026-06-16T06:37:48.337274	6 all g Y I acy)
2026-06-16T06:37:51.171354	VI IMPLANTER CONSULTANT CARDIOLOGIST Juulg gui , auriuso
2026-06-16T06:37:52.022834	Sqliayo _,auirinso uilal 6jouus 62>g yu)
2026-06-16T06:37:57.481386	R/ Vastarel MR aclu 12 SS ya sf
2026-06-16T06:38:00.329850	22619331 0112728291 - 01006529298
2026-06-16T06:40:17.094062	R/ Vastarel MR aclu 12 SS .yaf
2026-06-16T18:05:46.176285	gagga extra
2026-06-16T18:05:55.138302	pan extra
2026-06-16T18:06:03.328707	concr extra
2026-06-16T18:06:43.175300	pando extra
2026-06-16T18:10:33.446223	R/ Vastarel MR aclu 12 SS .yaf
2026-06-16T18:12:04.366090	Wane. .
2026-06-16T18:12:05.174582	f how :
2026-06-16T18:15:10.977799	OF et
2026-06-16T18:15:12.997744	Sy oat Cay hn r 3 bs
2026-06-16T18:15:14.769183	Cee he Ie oe
2026-06-16T18:15:16.493966	“nSiry," ty) bah
2026-06-16T20:59:04.016026	يليل
2026-06-16T21:02:39.763866	panana extra
2026-06-16T21:02:53.030535	pnado extra
2026-06-17T12:33:43.551934	Triplixam 10/2.5/5 mag
2026-06-17T12:33:48.249134	Complavin 75/100 Yg
2026-06-17T12:36:02.184353	30/08/2025 : Z-juil
2026-06-17T12:36:06.150000	Triplixam 10/2.5/5 xag
